2022-01-21 08:03:57.156 [main] INFO  GettingLinks - Парсится ссылка: http://www.playback.ru/
2022-01-21 08:03:57.700 [ForkJoinPool-1-worker-3] INFO  GettingLinks - Парсится ссылка: http://www.playback.ru/
2022-01-21 08:03:57.701 [ForkJoinPool-1-worker-3] INFO  GettingLinks - Парсится ссылка: http://www.playback.ru/basket.html
2022-01-21 08:03:57.701 [ForkJoinPool-1-worker-3] INFO  GettingLinks - Парсится ссылка: http://www.playback.ru/catalog/1473.html
2022-01-21 08:03:57.702 [ForkJoinPool-1-worker-3] INFO  GettingLinks - Парсится ссылка: http://www.playback.ru/catalog/1485.html
2022-01-21 08:03:57.702 [ForkJoinPool-1-worker-3] INFO  GettingLinks - Парсится ссылка: http://www.playback.ru/catalog/569.html
2022-01-21 08:03:57.703 [ForkJoinPool-1-worker-3] INFO  GettingLinks - Парсится ссылка: http://www.playback.ru/catalog/1300.html
2022-01-21 08:03:57.703 [ForkJoinPool-1-worker-3] INFO  GettingLinks - Парсится ссылка: http://www.playback.ru/catalog/1302.html
2022-01-21 08:03:57.704 [ForkJoinPool-1-worker-3] INFO  GettingLinks - Парсится ссылка: http://www.playback.ru/catalog/1310.html
2022-01-21 08:03:57.704 [ForkJoinPool-1-worker-3] INFO  GettingLinks - Парсится ссылка: http://www.playback.ru/catalog/1308.html
2022-01-21 08:03:57.704 [ForkJoinPool-1-worker-3] INFO  GettingLinks - Парсится ссылка: http://www.playback.ru/catalog/1307.html
2022-01-21 08:03:57.704 [ForkJoinPool-1-worker-3] INFO  GettingLinks - Парсится ссылка: http://www.playback.ru/catalog/1141.html
2022-01-21 08:03:57.704 [ForkJoinPool-1-worker-3] INFO  GettingLinks - Парсится ссылка: http://www.playback.ru/catalog/1315.html
2022-01-21 08:03:57.705 [ForkJoinPool-1-worker-3] INFO  GettingLinks - Парсится ссылка: http://www.playback.ru/catalog/1329.html
2022-01-21 08:03:57.705 [ForkJoinPool-1-worker-3] INFO  GettingLinks - Парсится ссылка: http://www.playback.ru/catalog/665.html
2022-01-21 08:03:57.705 [ForkJoinPool-1-worker-3] INFO  GettingLinks - Парсится ссылка: http://www.playback.ru/catalog/1304.html
2022-01-21 08:03:57.705 [ForkJoinPool-1-worker-3] INFO  GettingLinks - Парсится ссылка: http://www.playback.ru/catalog/1305.html
2022-01-21 08:03:57.705 [ForkJoinPool-1-worker-3] INFO  GettingLinks - Парсится ссылка: http://www.playback.ru/catalog/1314.html
2022-01-21 08:03:57.705 [ForkJoinPool-1-worker-3] INFO  GettingLinks - Парсится ссылка: http://www.playback.ru/catalog/805.html
2022-01-21 08:03:57.705 [ForkJoinPool-1-worker-3] INFO  GettingLinks - Парсится ссылка: http://www.playback.ru/catalog/1311.html
2022-01-21 08:03:57.706 [ForkJoinPool-1-worker-3] INFO  GettingLinks - Парсится ссылка: http://www.playback.ru/catalog/1317.html
2022-01-21 08:03:57.706 [ForkJoinPool-1-worker-3] INFO  GettingLinks - Парсится ссылка: http://www.playback.ru/catalog/1318.html
2022-01-21 08:03:57.706 [ForkJoinPool-1-worker-3] INFO  GettingLinks - Парсится ссылка: http://www.playback.ru/catalog/1412.html
2022-01-21 08:03:57.706 [ForkJoinPool-1-worker-3] INFO  GettingLinks - Парсится ссылка: http://www.playback.ru/catalog/1429.html
2022-01-21 08:03:57.706 [ForkJoinPool-1-worker-3] INFO  GettingLinks - Парсится ссылка: http://www.playback.ru/catalog/18.html
2022-01-21 08:03:57.706 [ForkJoinPool-1-worker-3] INFO  GettingLinks - Парсится ссылка: http://www.playback.ru/catalog/1303.html
2022-01-21 08:03:57.706 [ForkJoinPool-1-worker-3] INFO  GettingLinks - Парсится ссылка: http://www.playback.ru/catalog/1312.html
2022-01-21 08:03:57.707 [ForkJoinPool-1-worker-3] INFO  GettingLinks - Парсится ссылка: http://www.playback.ru/dostavka.html
2022-01-21 08:03:57.707 [ForkJoinPool-1-worker-3] INFO  GettingLinks - Парсится ссылка: http://www.playback.ru/pickup.html
2022-01-21 08:03:57.707 [ForkJoinPool-1-worker-3] INFO  GettingLinks - Парсится ссылка: http://www.playback.ru/payment.html
2022-01-21 08:03:57.707 [ForkJoinPool-1-worker-3] INFO  GettingLinks - Парсится ссылка: http://www.playback.ru/warranty.html
2022-01-21 08:03:57.707 [ForkJoinPool-1-worker-3] INFO  GettingLinks - Парсится ссылка: http://www.playback.ru/contacts.html
2022-01-21 08:03:57.707 [ForkJoinPool-1-worker-3] INFO  GettingLinks - Парсится ссылка: http://www.playback.ru/product/1121487.html
2022-01-21 08:03:57.708 [ForkJoinPool-1-worker-3] INFO  GettingLinks - Парсится ссылка: http://www.playback.ru/product/1121880.html
2022-01-21 08:03:57.708 [ForkJoinPool-1-worker-3] INFO  GettingLinks - Парсится ссылка: http://www.playback.ru/product/1121881.html
2022-01-21 08:03:57.708 [ForkJoinPool-1-worker-3] INFO  GettingLinks - Парсится ссылка: http://www.playback.ru/product/1122003.html
2022-01-21 08:03:57.708 [ForkJoinPool-1-worker-3] INFO  GettingLinks - Парсится ссылка: http://www.playback.ru/product/1121255.html
2022-01-21 08:03:57.708 [ForkJoinPool-1-worker-3] INFO  GettingLinks - Парсится ссылка: http://www.playback.ru/product/1121253.html
2022-01-21 08:03:57.708 [ForkJoinPool-1-worker-3] INFO  GettingLinks - Парсится ссылка: http://www.playback.ru/product/111102.html
2022-01-21 08:03:57.708 [ForkJoinPool-1-worker-3] INFO  GettingLinks - Парсится ссылка: http://www.playback.ru/product/111100.html
2022-01-21 08:03:57.708 [ForkJoinPool-1-worker-3] INFO  GettingLinks - Парсится ссылка: http://www.playback.ru/product/111101.html
2022-01-21 08:03:57.709 [ForkJoinPool-1-worker-3] INFO  GettingLinks - Парсится ссылка: http://www.playback.ru/product/111167.html
2022-01-21 08:03:57.709 [ForkJoinPool-1-worker-3] INFO  GettingLinks - Парсится ссылка: http://www.playback.ru/product/111166.html
2022-01-21 08:03:57.709 [ForkJoinPool-1-worker-3] INFO  GettingLinks - Парсится ссылка: http://www.playback.ru/product/111272.html
2022-01-21 08:03:57.709 [ForkJoinPool-1-worker-3] INFO  GettingLinks - Парсится ссылка: http://www.playback.ru/product/111327.html
2022-01-21 08:03:57.709 [ForkJoinPool-1-worker-3] INFO  GettingLinks - Парсится ссылка: http://www.playback.ru/product/110940.html
2022-01-21 08:03:57.709 [ForkJoinPool-1-worker-3] INFO  GettingLinks - Парсится ссылка: http://www.playback.ru/product/110939.html
2022-01-21 08:03:57.709 [ForkJoinPool-1-worker-3] INFO  GettingLinks - Парсится ссылка: http://www.playback.ru/product/1121741.html
2022-01-21 08:03:57.710 [ForkJoinPool-1-worker-3] INFO  GettingLinks - Парсится ссылка: http://www.playback.ru/privacy_policy.html
2022-01-21 08:03:58.043 [ForkJoinPool-1-worker-13] INFO  GettingLinks - Парсится ссылка: http://www.playback.ru/catalog/569.html/brand/105748/sort/0/page/1
2022-01-21 08:03:58.044 [ForkJoinPool-1-worker-13] INFO  GettingLinks - Парсится ссылка: http://www.playback.ru/catalog/569.html/brand/105751/sort/0/page/1
2022-01-21 08:03:58.044 [ForkJoinPool-1-worker-13] INFO  GettingLinks - Парсится ссылка: http://www.playback.ru/catalog/569.html/brand/105757/sort/0/page/1
2022-01-21 08:03:58.045 [ForkJoinPool-1-worker-13] INFO  GettingLinks - Парсится ссылка: http://www.playback.ru/catalog/569.html/brand/1093/sort/0/page/1
2022-01-21 08:03:58.045 [ForkJoinPool-1-worker-13] INFO  GettingLinks - Парсится ссылка: http://www.playback.ru/catalog/569.html/brand/105853/sort/0/page/1
2022-01-21 08:03:58.045 [ForkJoinPool-1-worker-13] INFO  GettingLinks - Парсится ссылка: http://www.playback.ru/catalog/569.html/brand/105854/sort/0/page/1
2022-01-21 08:03:58.045 [ForkJoinPool-1-worker-13] INFO  GettingLinks - Парсится ссылка: http://www.playback.ru/catalog/569.html/brand/105758/sort/0/page/1
2022-01-21 08:03:58.045 [ForkJoinPool-1-worker-13] INFO  GettingLinks - Парсится ссылка: http://www.playback.ru/catalog/569.html/brand/105755/sort/0/page/1
2022-01-21 08:03:58.046 [ForkJoinPool-1-worker-13] INFO  GettingLinks - Парсится ссылка: http://www.playback.ru/catalog/569.html/brand/5/sort/0/page/1
2022-01-21 08:03:58.046 [ForkJoinPool-1-worker-13] INFO  GettingLinks - Парсится ссылка: http://www.playback.ru/catalog/569.html/brand/105857/sort/0/page/1
2022-01-21 08:03:58.046 [ForkJoinPool-1-worker-13] INFO  GettingLinks - Парсится ссылка: http://www.playback.ru/catalog/569.html/brand/105793/sort/0/page/1
2022-01-21 08:03:58.046 [ForkJoinPool-1-worker-13] INFO  GettingLinks - Парсится ссылка: http://www.playback.ru/catalog/569.html/brand/105848/sort/0/page/1
2022-01-21 08:03:58.046 [ForkJoinPool-1-worker-13] INFO  GettingLinks - Парсится ссылка: http://www.playback.ru/catalog/569.html/brand/105775/sort/0/page/1
2022-01-21 08:03:58.046 [ForkJoinPool-1-worker-13] INFO  GettingLinks - Парсится ссылка: http://www.playback.ru/catalog/569.html/brand/980/sort/0/page/1
2022-01-21 08:03:58.047 [ForkJoinPool-1-worker-13] INFO  GettingLinks - Парсится ссылка: http://www.playback.ru/catalog/569.html/brand/0/sort/0/page/1
2022-01-21 08:03:58.047 [ForkJoinPool-1-worker-13] INFO  GettingLinks - Парсится ссылка: http://www.playback.ru/catalog/569.html/brand/0/sort/1/page/1
2022-01-21 08:03:58.047 [ForkJoinPool-1-worker-13] INFO  GettingLinks - Парсится ссылка: http://www.playback.ru/catalog/569.html/brand/0/sort/0/page/2
2022-01-21 08:03:58.048 [ForkJoinPool-1-worker-13] INFO  GettingLinks - Парсится ссылка: http://www.playback.ru/catalog/569.html/brand/0/sort/0/page/3
2022-01-21 08:03:58.048 [ForkJoinPool-1-worker-13] INFO  GettingLinks - Парсится ссылка: http://www.playback.ru/catalog/569.html/brand/0/sort/0/page/4
2022-01-21 08:03:58.048 [ForkJoinPool-1-worker-13] INFO  GettingLinks - Парсится ссылка: http://www.playback.ru/catalog/569.html/brand/0/sort/0/page/5
2022-01-21 08:03:58.048 [ForkJoinPool-1-worker-13] INFO  GettingLinks - Парсится ссылка: http://www.playback.ru/catalog/569.html/brand/0/sort/0/page/6
2022-01-21 08:03:58.048 [ForkJoinPool-1-worker-13] INFO  GettingLinks - Парсится ссылка: http://www.playback.ru/catalog/569.html/brand/0/sort/0/page/7
2022-01-21 08:03:58.048 [ForkJoinPool-1-worker-13] INFO  GettingLinks - Парсится ссылка: http://www.playback.ru/catalog/569.html/brand/0/sort/0/page/8
2022-01-21 08:03:58.048 [ForkJoinPool-1-worker-13] INFO  GettingLinks - Парсится ссылка: http://www.playback.ru/catalog/569.html/brand/0/sort/0/page/9
2022-01-21 08:03:58.049 [ForkJoinPool-1-worker-13] INFO  GettingLinks - Парсится ссылка: http://www.playback.ru/catalog/569.html/brand/0/sort/0/page/10
2022-01-21 08:03:58.049 [ForkJoinPool-1-worker-13] INFO  GettingLinks - Парсится ссылка: http://www.playback.ru/catalog/569.html/brand/0/sort/0/page/11
2022-01-21 08:03:59.027 [ForkJoinPool-1-worker-5] INFO  GettingLinks - Парсится ссылка: http://www.playback.ru/catalog/1141.html/brand/105751/sort/0/page/1
2022-01-21 08:03:59.028 [ForkJoinPool-1-worker-5] INFO  GettingLinks - Парсится ссылка: http://www.playback.ru/catalog/1141.html/brand/5/sort/0/page/1
2022-01-21 08:03:59.028 [ForkJoinPool-1-worker-5] INFO  GettingLinks - Парсится ссылка: http://www.playback.ru/catalog/1141.html/brand/0/sort/0/page/1
2022-01-21 08:03:59.030 [ForkJoinPool-1-worker-5] INFO  GettingLinks - Парсится ссылка: http://www.playback.ru/catalog/1141.html/brand/0/sort/1/page/1
2022-01-21 08:03:59.095 [ForkJoinPool-1-worker-9] INFO  GettingLinks - Парсится ссылка: http://www.playback.ru/catalog/1473.html/brand/105833/sort/0/page/1
2022-01-21 08:03:59.096 [ForkJoinPool-1-worker-9] INFO  GettingLinks - Парсится ссылка: http://www.playback.ru/catalog/1473.html/brand/105842/sort/0/page/1
2022-01-21 08:03:59.096 [ForkJoinPool-1-worker-9] INFO  GettingLinks - Парсится ссылка: http://www.playback.ru/catalog/1473.html/brand/0/sort/0/page/1
2022-01-21 08:03:59.096 [ForkJoinPool-1-worker-9] INFO  GettingLinks - Парсится ссылка: http://www.playback.ru/catalog/1473.html/brand/0/sort/1/page/1
2022-01-21 08:03:59.254 [ForkJoinPool-1-worker-11] INFO  GettingLinks - Парсится ссылка: http://www.playback.ru/catalog/1485.html/brand/105757/sort/0/page/1
2022-01-21 08:03:59.254 [ForkJoinPool-1-worker-11] INFO  GettingLinks - Парсится ссылка: http://www.playback.ru/catalog/1485.html/brand/0/sort/0/page/1
2022-01-21 08:03:59.254 [ForkJoinPool-1-worker-11] INFO  GettingLinks - Парсится ссылка: http://www.playback.ru/catalog/1485.html/brand/0/sort/1/page/1
2022-01-21 08:03:59.348 [ForkJoinPool-1-worker-3] INFO  GettingLinks - Парсится ссылка: http://www.playback.ru/catalog/1329.html/brand/105852/sort/0/page/1
2022-01-21 08:03:59.349 [ForkJoinPool-1-worker-3] INFO  GettingLinks - Парсится ссылка: http://www.playback.ru/catalog/1329.html/brand/105851/sort/0/page/1
2022-01-21 08:03:59.349 [ForkJoinPool-1-worker-3] INFO  GettingLinks - Парсится ссылка: http://www.playback.ru/catalog/1329.html/brand/0/sort/0/page/1
2022-01-21 08:03:59.349 [ForkJoinPool-1-worker-3] INFO  GettingLinks - Парсится ссылка: http://www.playback.ru/catalog/1329.html/brand/0/sort/1/page/1
2022-01-21 08:03:59.627 [ForkJoinPool-1-worker-7] INFO  GettingLinks - Парсится ссылка: http://www.playback.ru/catalog/665.html/brand/692/sort/0/page/1
2022-01-21 08:03:59.627 [ForkJoinPool-1-worker-7] INFO  GettingLinks - Парсится ссылка: http://www.playback.ru/catalog/665.html/brand/601/sort/0/page/1
2022-01-21 08:03:59.627 [ForkJoinPool-1-worker-7] INFO  GettingLinks - Парсится ссылка: http://www.playback.ru/catalog/665.html/brand/610/sort/0/page/1
2022-01-21 08:03:59.627 [ForkJoinPool-1-worker-7] INFO  GettingLinks - Парсится ссылка: http://www.playback.ru/catalog/665.html/brand/1052/sort/0/page/1
2022-01-21 08:03:59.627 [ForkJoinPool-1-worker-7] INFO  GettingLinks - Парсится ссылка: http://www.playback.ru/catalog/665.html/brand/37/sort/0/page/1
2022-01-21 08:03:59.627 [ForkJoinPool-1-worker-7] INFO  GettingLinks - Парсится ссылка: http://www.playback.ru/catalog/665.html/brand/1111/sort/0/page/1
2022-01-21 08:03:59.627 [ForkJoinPool-1-worker-7] INFO  GettingLinks - Парсится ссылка: http://www.playback.ru/catalog/665.html/brand/0/sort/0/page/1
2022-01-21 08:03:59.628 [ForkJoinPool-1-worker-7] INFO  GettingLinks - Парсится ссылка: http://www.playback.ru/catalog/665.html/brand/0/sort/1/page/1
2022-01-21 08:04:00.089 [ForkJoinPool-1-worker-1] INFO  GettingLinks - Парсится ссылка: http://www.playback.ru/catalog/805.html/brand/980/sort/0/page/1
2022-01-21 08:04:00.090 [ForkJoinPool-1-worker-1] INFO  GettingLinks - Парсится ссылка: http://www.playback.ru/catalog/805.html/brand/0/sort/0/page/1
2022-01-21 08:04:00.090 [ForkJoinPool-1-worker-1] INFO  GettingLinks - Парсится ссылка: http://www.playback.ru/catalog/805.html/brand/0/sort/1/page/1
2022-01-21 08:04:00.471 [ForkJoinPool-1-worker-15] INFO  GettingLinks - Парсится ссылка: http://www.playback.ru/catalog/1429.html/brand/53/sort/0/page/1
2022-01-21 08:04:00.471 [ForkJoinPool-1-worker-15] INFO  GettingLinks - Парсится ссылка: http://www.playback.ru/catalog/1429.html/brand/91/sort/0/page/1
2022-01-21 08:04:00.471 [ForkJoinPool-1-worker-15] INFO  GettingLinks - Парсится ссылка: http://www.playback.ru/catalog/1429.html/brand/0/sort/0/page/1
2022-01-21 08:04:00.472 [ForkJoinPool-1-worker-15] INFO  GettingLinks - Парсится ссылка: http://www.playback.ru/catalog/1429.html/brand/0/sort/1/page/1
2022-01-21 08:04:00.584 [ForkJoinPool-1-worker-11] INFO  GettingLinks - Парсится ссылка: http://www.playback.ru/catalog/18.html/brand/5/sort/0/page/1
2022-01-21 08:04:00.584 [ForkJoinPool-1-worker-11] INFO  GettingLinks - Парсится ссылка: http://www.playback.ru/catalog/18.html/brand/53/sort/0/page/1
2022-01-21 08:04:00.584 [ForkJoinPool-1-worker-11] INFO  GettingLinks - Парсится ссылка: http://www.playback.ru/catalog/18.html/brand/1/sort/0/page/1
2022-01-21 08:04:00.584 [ForkJoinPool-1-worker-11] INFO  GettingLinks - Парсится ссылка: http://www.playback.ru/catalog/18.html/brand/91/sort/0/page/1
2022-01-21 08:04:00.585 [ForkJoinPool-1-worker-11] INFO  GettingLinks - Парсится ссылка: http://www.playback.ru/catalog/18.html/brand/0/sort/0/page/1
2022-01-21 08:04:00.585 [ForkJoinPool-1-worker-11] INFO  GettingLinks - Парсится ссылка: http://www.playback.ru/catalog/18.html/brand/0/sort/1/page/1
2022-01-21 08:04:02.503 [ForkJoinPool-1-worker-3] INFO  GettingLinks - Парсится ссылка: http://www.playback.ru/catalog/569.html/brand/0/sort/1/page/10
2022-01-21 08:04:02.503 [ForkJoinPool-1-worker-3] INFO  GettingLinks - Парсится ссылка: http://www.playback.ru/catalog/569.html/brand/0/sort/1/page/11
